<?xml version="1.0" encoding="UTF-8"?>
<testsuites name="jest tests" tests="24" failures="0" errors="0" time="24.62">
  <testsuite name="Actions" errors="0" failures="0" skipped="0" timestamp="2022-11-04T15:09:34" time="21.278" tests="24">
    <testcase classname="Actions executes a listing request when the refresh button is clicked" name="Actions executes a listing request when the refresh button is clicked" time="1.445">
    </testcase>
    <testcase classname="Actions swaps autorefresh icon when the icon is clicked" name="Actions swaps autorefresh icon when the icon is clicked" time="0.133">
    </testcase>
    <testcase classname="Actions cannot send a &quot;Acknowledge&quot; request when the corresponding action is fired and the comment field is left empty" name="Actions cannot send a &quot;Acknowledge&quot; request when the corresponding action is fired and the comment field is left empty" time="0.432">
    </testcase>
    <testcase classname="Actions cannot send a &quot;Set downtime&quot; request when the corresponding action is fired and the comment field is left empty" name="Actions cannot send a &quot;Set downtime&quot; request when the corresponding action is fired and the comment field is left empty" time="0.48">
    </testcase>
    <testcase classname="Actions sends an acknowledgement request when Resources are selected and the Ackowledgement action is clicked and confirmed" name="Actions sends an acknowledgement request when Resources are selected and the Ackowledgement action is clicked and confirmed" time="0.215">
    </testcase>
    <testcase classname="Actions sends a discknowledgement request when Resources are selected and the Disackowledgement action is clicked and confirmed" name="Actions sends a discknowledgement request when Resources are selected and the Disackowledgement action is clicked and confirmed" time="0.238">
    </testcase>
    <testcase classname="Actions does not display the &quot;Acknowledge services attached to host&quot; checkbox when only services are selected and the Acknowledge action is clicked" name="Actions does not display the &quot;Acknowledge services attached to host&quot; checkbox when only services are selected and the Acknowledge action is clicked" time="0.171">
    </testcase>
    <testcase classname="Actions does not display the &quot;Discknowledge services attached to host&quot; checkbox when only services are selected and the Disacknowledge action is clicked" name="Actions does not display the &quot;Discknowledge services attached to host&quot; checkbox when only services are selected and the Disacknowledge action is clicked" time="0.169">
    </testcase>
    <testcase classname="Actions cannot send a downtime request when Downtime action is clicked, type is flexible and duration is empty" name="Actions cannot send a downtime request when Downtime action is clicked, type is flexible and duration is empty" time="0.351">
    </testcase>
    <testcase classname="Actions cannot send a downtime request when Downtime action is clicked and start date is greater than end date" name="Actions cannot send a downtime request when Downtime action is clicked and start date is greater than end date" time="0.375">
    </testcase>
    <testcase classname="Actions cannot send a downtime request when the Downtime action is clicked and the input dates have an invalid format" name="Actions cannot send a downtime request when the Downtime action is clicked and the input dates have an invalid format" time="0.689">
    </testcase>
    <testcase classname="Actions sends a downtime request when Resources are selected and the Downtime action is clicked and confirmed" name="Actions sends a downtime request when Resources are selected and the Downtime action is clicked and confirmed" time="0.251">
    </testcase>
    <testcase classname="Actions sends a check request when Resources are selected and the Check action is clicked" name="Actions sends a check request when Resources are selected and the Check action is clicked" time="0.074">
    </testcase>
    <testcase classname="Actions sends a submit status request when a Resource is selected and the Submit status action is clicked" name="Actions sends a submit status request when a Resource is selected and the Submit status action is clicked" time="0.611">
    </testcase>
    <testcase classname="Actions cannot execute an action when associated ACL are not sufficient" name="Actions cannot execute an action when associated ACL are not sufficient" time="0.244">
    </testcase>
    <testcase classname="Actions displays a warning message when trying to &quot;Set downtime&quot; with limited ACL" name="Actions displays a warning message when trying to &quot;Set downtime&quot; with limited ACL" time="0.397">
    </testcase>
    <testcase classname="Actions displays a warning message when trying to &quot;Acknowledge&quot; with limited ACL" name="Actions displays a warning message when trying to &quot;Acknowledge&quot; with limited ACL" time="0.339">
    </testcase>
    <testcase classname="Actions displays a warning message when trying to &quot;Disacknowledge&quot; with limited ACL" name="Actions displays a warning message when trying to &quot;Disacknowledge&quot; with limited ACL" time="0.192">
    </testcase>
    <testcase classname="Actions disables services propagation option when trying to &quot;Set downtime&quot; on hosts when ACL on services are not sufficient" name="Actions disables services propagation option when trying to &quot;Set downtime&quot; on hosts when ACL on services are not sufficient" time="0.419">
    </testcase>
    <testcase classname="Actions disables services propagation option when trying to &quot;Acknowledge&quot; on hosts when ACL on services are not sufficient" name="Actions disables services propagation option when trying to &quot;Acknowledge&quot; on hosts when ACL on services are not sufficient" time="0.321">
    </testcase>
    <testcase classname="Actions disables services propagation option when trying to &quot;Disacknowledge&quot; on hosts when ACL on services are not sufficient" name="Actions disables services propagation option when trying to &quot;Disacknowledge&quot; on hosts when ACL on services are not sufficient" time="0.178">
    </testcase>
    <testcase classname="Actions disables the submit status action when one of the following condition is met: ACL are not sufficient, more than one resource is selected, selected resource is not passive" name="Actions disables the submit status action when one of the following condition is met: ACL are not sufficient, more than one resource is selected, selected resource is not passive" time="0.448">
    </testcase>
    <testcase classname="Actions disables the comment action when the ACL are not sufficient or more than one resource is selected" name="Actions disables the comment action when the ACL are not sufficient or more than one resource is selected" time="0.34">
    </testcase>
    <testcase classname="Actions disables the acknowledge action when selected resources have an OK or UP status" name="Actions disables the acknowledge action when selected resources have an OK or UP status" time="0.069">
    </testcase>
  </testsuite>
</testsuites>